<testsuites name="jest tests" tests="19" failures="0" time="25.854">
  <testsuite name="apolloDriver" errors="0" failures="0" skipped="4" timestamp="2018-12-05T12:21:28" time="21.373" tests="7">
    <testcase classname="apolloDriver will filter queries with select()" name="apolloDriver will filter queries with select()" time="13.013">
    </testcase>
    <testcase classname="apolloDriver will select by name given to operation in gql string" name="apolloDriver will select by name given to operation in gql string" time="0.005">
    </testcase>
    <testcase classname="apolloDriver will throw error if no category or operation name given within gql string in template or runtime, select can&apos;t occur" name="apolloDriver will throw error if no category or operation name given within gql string in template or runtime, select can&apos;t occur" time="0.003">
    </testcase>
    <testcase classname="apolloDriver will accept async operations to be performed on client" name="apolloDriver will accept async operations to be performed on client" time="0">
      <skipped/>
    </testcase>
    <testcase classname="apolloDriver adapt works" name="apolloDriver adapt works" time="0">
      <skipped/>
    </testcase>
    <testcase classname="apolloDriver will rerun watchQuery after storeReset with empty results" name="apolloDriver will rerun watchQuery after storeReset with empty results" time="0">
      <skipped/>
    </testcase>
    <testcase classname="apolloDriver should not remember past responses when selecting" name="apolloDriver should not remember past responses when selecting" time="0">
      <skipped/>
    </testcase>
  </testsuite>
  <testsuite name="pages/Home" errors="0" failures="0" skipped="0" timestamp="2018-12-05T12:21:49" time="0.351" tests="1">
    <testcase classname="pages/Home should render content" name="pages/Home should render content" time="0.002">
    </testcase>
  </testsuite>
  <testsuite name="Counter example API works" errors="0" failures="0" skipped="3" timestamp="2018-12-05T12:21:50" time="0.332" tests="3">
    <testcase classname="Counter example API works Responds to counter get GraphQL query" name="Counter example API works Responds to counter get GraphQL query" time="0">
      <skipped/>
    </testcase>
    <testcase classname="Counter example API works Increments counter on GraphQL mutation" name="Counter example API works Increments counter on GraphQL mutation" time="0">
      <skipped/>
    </testcase>
    <testcase classname="Counter example API works Triggers subscription on GraphQL mutation" name="Counter example API works Triggers subscription on GraphQL mutation" time="0">
      <skipped/>
    </testcase>
  </testsuite>
  <testsuite name="User API works" errors="0" failures="0" skipped="8" timestamp="2018-12-05T12:21:50" time="1.985" tests="8">
    <testcase classname="User API works User not logged in initially" name="User API works User not logged in initially" time="0">
      <skipped/>
    </testcase>
    <testcase classname="User API works Siging in as ordinary user works" name="User API works Siging in as ordinary user works" time="0">
      <skipped/>
    </testcase>
    <testcase classname="User API works Signing out as ordinary user works" name="User API works Signing out as ordinary user works" time="0">
      <skipped/>
    </testcase>
    <testcase classname="User API works Can&apos;t query user profiles as guest" name="User API works Can&apos;t query user profiles as guest" time="0">
      <skipped/>
    </testcase>
    <testcase classname="User API works Tests with authenticated user Can query own user profile" name="User API works Tests with authenticated user Can query own user profile" time="0">
      <skipped/>
    </testcase>
    <testcase classname="User API works Tests with authenticated user Cannot query other users profile" name="User API works Tests with authenticated user Cannot query other users profile" time="0">
      <skipped/>
    </testcase>
    <testcase classname="User API works Tests with authenticated admin Can query own user profile" name="User API works Tests with authenticated admin Can query own user profile" time="0">
      <skipped/>
    </testcase>
    <testcase classname="User API works Tests with authenticated admin Can query other users profile" name="User API works Tests with authenticated admin Can query other users profile" time="0">
      <skipped/>
    </testcase>
  </testsuite>
</testsuites>