<testsuites name="jest tests" tests="7" failures="0" time="1.485">
  <testsuite name="apolloDriver" errors="0" failures="0" skipped="3" timestamp="2018-12-01T09:56:40" time="1.443" tests="7">
    <testcase classname="apolloDriver will filter queries with select()" name="apolloDriver will filter queries with select()" time="0.006">
    </testcase>
    <testcase classname="apolloDriver will select by name given to operation in gql string" name="apolloDriver will select by name given to operation in gql string" time="0.144">
    </testcase>
    <testcase classname="apolloDriver will throw error if no category or operation name given within gql string in template or runtime, select can&apos;t occur" name="apolloDriver will throw error if no category or operation name given within gql string in template or runtime, select can&apos;t occur" time="0.002">
    </testcase>
    <testcase classname="apolloDriver will accept async operations to be performed on client" name="apolloDriver will accept async operations to be performed on client" time="0.031">
    </testcase>
    <testcase classname="apolloDriver adapt works" name="apolloDriver adapt works" time="0">
      <skipped/>
    </testcase>
    <testcase classname="apolloDriver will rerun watchQuery after storeReset with empty results" name="apolloDriver will rerun watchQuery after storeReset with empty results" time="0">
      <skipped/>
    </testcase>
    <testcase classname="apolloDriver should not remember past responses when selecting" name="apolloDriver should not remember past responses when selecting" time="0">
      <skipped/>
    </testcase>
  </testsuite>
</testsuites>