<testsuites name="jest tests" tests="12" failures="1" time="2.515">
  <testsuite name="apolloDriver" errors="0" failures="1" skipped="3" timestamp="2018-11-24T17:53:13" time="1.763" tests="7">
    <testcase classname="apolloDriver will filter queries with select()" name="apolloDriver will filter queries with select()" time="0.006">
    </testcase>
    <testcase classname="apolloDriver will select by name given to operation in gql string" name="apolloDriver will select by name given to operation in gql string" time="0.193">
    </testcase>
    <testcase classname="apolloDriver will throw error if no category or operation name given within gql string in template or runtime, select can&apos;t occur" name="apolloDriver will throw error if no category or operation name given within gql string in template or runtime, select can&apos;t occur" time="0.007">
    </testcase>
    <testcase classname="apolloDriver will rerun watchQuery after storeReset with empty results" name="apolloDriver will rerun watchQuery after storeReset with empty results" time="0">
      <skipped/>
    </testcase>
    <testcase classname="apolloDriver should not remember past responses when selecting" name="apolloDriver should not remember past responses when selecting" time="0">
      <skipped/>
    </testcase>
    <testcase classname="apolloDriver will accept async operations to be performed on client" name="apolloDriver will accept async operations to be performed on client" time="0">
      <skipped/>
    </testcase>
    <testcase classname="apolloDriver adapt works" name="apolloDriver adapt works" time="0.006">
      <failure>TypeError: _sources.apollo.select(...).pipe is not a function
    at main (C:\Users\user\dev\react-head\src\client\drivers\cycleApollo\cycleApollo.test.ts:243:38)
    at Object.setup (C:\Users\user\dev\react-head\node_modules\@cycle\rxjs-run\node_modules\@cycle\run\lib\cjs\index.js:45:17)
    at Object.run (C:\Users\user\dev\react-head\node_modules\@cycle\rxjs-run\lib\cjs\index.js:39:25)
    at Object.&lt;anonymous&gt; (C:\Users\user\dev\react-head\src\client\drivers\cycleApollo\cycleApollo.test.ts:258:37)
    at resolve (C:\Users\user\dev\react-head\node_modules\jest-jasmine2\build\queue_runner.js:46:12)
    at new Promise (&lt;anonymous&gt;)
    at mapper (C:\Users\user\dev\react-head\node_modules\jest-jasmine2\build\queue_runner.js:34:499)
    at promise.then (C:\Users\user\dev\react-head\node_modules\jest-jasmine2\build\queue_runner.js:74:39)
    at &lt;anonymous&gt;</failure>
    </testcase>
  </testsuite>
  <testsuite name="pages/Home" errors="0" failures="0" skipped="0" timestamp="2018-11-24T17:53:15" time="0.171" tests="1">
    <testcase classname="pages/Home should render content" name="pages/Home should render content" time="0.001">
    </testcase>
  </testsuite>
  <testsuite name="Counter example API works" errors="0" failures="0" skipped="3" timestamp="2018-11-24T17:53:15" time="0.195" tests="3">
    <testcase classname="Counter example API works Responds to counter get GraphQL query" name="Counter example API works Responds to counter get GraphQL query" time="0">
      <skipped/>
    </testcase>
    <testcase classname="Counter example API works Increments counter on GraphQL mutation" name="Counter example API works Increments counter on GraphQL mutation" time="0">
      <skipped/>
    </testcase>
    <testcase classname="Counter example API works Triggers subscription on GraphQL mutation" name="Counter example API works Triggers subscription on GraphQL mutation" time="0">
      <skipped/>
    </testcase>
  </testsuite>
  <testsuite name="User API works" errors="0" failures="0" skipped="1" timestamp="2018-11-24T17:53:15" time="0.232" tests="1">
    <testcase classname="User API works encountered a declaration exception" name="User API works encountered a declaration exception" time="0">
      <skipped/>
    </testcase>
  </testsuite>
</testsuites>